nohup: ignoring input
2025-10-21 14:58:30.615646: E external/local_xla/xla/stream_executor/cuda/cuda_fft.cc:485] Unable to register cuFFT factory: Attempting to register factory for plugin cuFFT when one has already been registered
2025-10-21 14:58:30.632934: E external/local_xla/xla/stream_executor/cuda/cuda_dnn.cc:8454] Unable to register cuDNN factory: Attempting to register factory for plugin cuDNN when one has already been registered
2025-10-21 14:58:30.637955: E external/local_xla/xla/stream_executor/cuda/cuda_blas.cc:1452] Unable to register cuBLAS factory: Attempting to register factory for plugin cuBLAS when one has already been registered
2025-10-21 14:58:30.650106: I tensorflow/core/platform/cpu_feature_guard.cc:210] This TensorFlow binary is optimized to use available CPU instructions in performance-critical operations.
To enable the following instructions: AVX2 FMA, in other operations, rebuild TensorFlow with the appropriate compiler flags.
2025-10-21 14:58:31.507480: W tensorflow/compiler/tf2tensorrt/utils/py_utils.cc:38] TF-TRT Warning: Could not find TensorRT
INFO:__main__:✅ TensorFlow available for cat/dog classification
INFO:__main__:🚀 Initializing handwriting recognition model...
INFO:__main__:🔧 Loading scikit-learn digit recognition model...
ERROR:__main__:❌ Sklearn model file sklearn_digit_model.pkl not found!
WARNING:__main__:⚠️ Handwriting model not available - predictions will not work
INFO:__main__:🚀 Initializing cat vs dog classification model...
INFO:__main__:🚀 Loading ultra-advanced cat vs dog ensemble CNN model...
WARNING: All log messages before absl::InitializeLog() is called are written to STDERR
I0000 00:00:1761080313.130227   46941 cuda_executor.cc:1015] successful NUMA node read from SysFS had negative value (-1), but there must be at least one NUMA node, so returning NUMA node zero. See more at https://github.com/torvalds/linux/blob/v6.0/Documentation/ABI/testing/sysfs-bus-pci#L344-L355
I0000 00:00:1761080313.175533   46941 cuda_executor.cc:1015] successful NUMA node read from SysFS had negative value (-1), but there must be at least one NUMA node, so returning NUMA node zero. See more at https://github.com/torvalds/linux/blob/v6.0/Documentation/ABI/testing/sysfs-bus-pci#L344-L355
I0000 00:00:1761080313.183987   46941 cuda_executor.cc:1015] successful NUMA node read from SysFS had negative value (-1), but there must be at least one NUMA node, so returning NUMA node zero. See more at https://github.com/torvalds/linux/blob/v6.0/Documentation/ABI/testing/sysfs-bus-pci#L344-L355
I0000 00:00:1761080313.188787   46941 cuda_executor.cc:1015] successful NUMA node read from SysFS had negative value (-1), but there must be at least one NUMA node, so returning NUMA node zero. See more at https://github.com/torvalds/linux/blob/v6.0/Documentation/ABI/testing/sysfs-bus-pci#L344-L355
I0000 00:00:1761080313.190519   46941 cuda_executor.cc:1015] successful NUMA node read from SysFS had negative value (-1), but there must be at least one NUMA node, so returning NUMA node zero. See more at https://github.com/torvalds/linux/blob/v6.0/Documentation/ABI/testing/sysfs-bus-pci#L344-L355
I0000 00:00:1761080313.192072   46941 cuda_executor.cc:1015] successful NUMA node read from SysFS had negative value (-1), but there must be at least one NUMA node, so returning NUMA node zero. See more at https://github.com/torvalds/linux/blob/v6.0/Documentation/ABI/testing/sysfs-bus-pci#L344-L355
I0000 00:00:1761080313.347960   46941 cuda_executor.cc:1015] successful NUMA node read from SysFS had negative value (-1), but there must be at least one NUMA node, so returning NUMA node zero. See more at https://github.com/torvalds/linux/blob/v6.0/Documentation/ABI/testing/sysfs-bus-pci#L344-L355
I0000 00:00:1761080313.348961   46941 cuda_executor.cc:1015] successful NUMA node read from SysFS had negative value (-1), but there must be at least one NUMA node, so returning NUMA node zero. See more at https://github.com/torvalds/linux/blob/v6.0/Documentation/ABI/testing/sysfs-bus-pci#L344-L355
I0000 00:00:1761080313.349811   46941 cuda_executor.cc:1015] successful NUMA node read from SysFS had negative value (-1), but there must be at least one NUMA node, so returning NUMA node zero. See more at https://github.com/torvalds/linux/blob/v6.0/Documentation/ABI/testing/sysfs-bus-pci#L344-L355
2025-10-21 14:58:33.350624: I tensorflow/core/common_runtime/gpu/gpu_device.cc:2021] Created device /job:localhost/replica:0/task:0/device:GPU:0 with 5967 MB memory:  -> device: 0, name: NVIDIA GeForce RTX 2080 SUPER, pci bus id: 0000:01:00.0, compute capability: 7.5
WARNING: All log messages before absl::InitializeLog() is called are written to STDERR
W0000 00:00:1761080313.632184   47079 gpu_backend_lib.cc:593] Can't find libdevice directory ${CUDA_DIR}/nvvm/libdevice. This may result in compilation or runtime failures, if the program we try to run uses routines from libdevice.
Searched for CUDA in the following directories:
  ./cuda_sdk_lib
  /usr/local/cuda-12.3
  /usr/local/cuda
  /home/bob/Artificial_Intelligence/AI/lib/python3.12/site-packages/tensorflow/python/platform/../../../nvidia/cuda_nvcc
  /home/bob/Artificial_Intelligence/AI/lib/python3.12/site-packages/tensorflow/python/platform/../../../../nvidia/cuda_nvcc
  .
You can choose the search directory by setting xla_gpu_cuda_data_dir in HloModule's DebugOptions.  For most apps, setting the environment variable XLA_FLAGS=--xla_gpu_cuda_data_dir=/path/to/cuda will work.
ERROR:__main__:❌ Failed to load cat/dog model: Requested the deserialization of a `Lambda` layer whose `function` is a Python lambda. This carries a potential risk of arbitrary code execution and thus it is disallowed by default. If you trust the source of the artifact, you can override this error by passing `safe_mode=False` to the loading function, or calling `keras.config.enable_unsafe_deserialization().
ERROR:__main__:🔍 Traceback: Traceback (most recent call last):
  File "/home/bob/Artificial_Intelligence/ai_website/app.py", line 136, in load_cat_dog_model
    model = tf.keras.models.load_model(model_path)
            ^^^^^^^^^^^^^^^^^^^^^^^^^^^^^^^^^^^^^^
  File "/home/bob/Artificial_Intelligence/AI/lib/python3.12/site-packages/keras/src/saving/saving_api.py", line 196, in load_model
    return legacy_h5_format.load_model_from_hdf5(
           ^^^^^^^^^^^^^^^^^^^^^^^^^^^^^^^^^^^^^^
  File "/home/bob/Artificial_Intelligence/AI/lib/python3.12/site-packages/keras/src/legacy/saving/legacy_h5_format.py", line 137, in load_model_from_hdf5
    model = saving_utils.model_from_config(
            ^^^^^^^^^^^^^^^^^^^^^^^^^^^^^^^
  File "/home/bob/Artificial_Intelligence/AI/lib/python3.12/site-packages/keras/src/legacy/saving/saving_utils.py", line 83, in model_from_config
    return serialization.deserialize_keras_object(
           ^^^^^^^^^^^^^^^^^^^^^^^^^^^^^^^^^^^^^^^
  File "/home/bob/Artificial_Intelligence/AI/lib/python3.12/site-packages/keras/src/legacy/saving/serialization.py", line 488, in deserialize_keras_object
    deserialized_obj = cls.from_config(
                       ^^^^^^^^^^^^^^^^
  File "/home/bob/Artificial_Intelligence/AI/lib/python3.12/site-packages/keras/src/models/model.py", line 660, in from_config
    return functional_from_config(
           ^^^^^^^^^^^^^^^^^^^^^^^
  File "/home/bob/Artificial_Intelligence/AI/lib/python3.12/site-packages/keras/src/models/functional.py", line 558, in functional_from_config
    process_layer(layer_data)
  File "/home/bob/Artificial_Intelligence/AI/lib/python3.12/site-packages/keras/src/models/functional.py", line 521, in process_layer
    layer = saving_utils.model_from_config(
            ^^^^^^^^^^^^^^^^^^^^^^^^^^^^^^^
  File "/home/bob/Artificial_Intelligence/AI/lib/python3.12/site-packages/keras/src/legacy/saving/saving_utils.py", line 83, in model_from_config
    return serialization.deserialize_keras_object(
           ^^^^^^^^^^^^^^^^^^^^^^^^^^^^^^^^^^^^^^^
  File "/home/bob/Artificial_Intelligence/AI/lib/python3.12/site-packages/keras/src/legacy/saving/serialization.py", line 488, in deserialize_keras_object
    deserialized_obj = cls.from_config(
                       ^^^^^^^^^^^^^^^^
  File "/home/bob/Artificial_Intelligence/AI/lib/python3.12/site-packages/keras/src/layers/core/lambda_layer.py", line 191, in from_config
    cls._raise_for_lambda_deserialization(safe_mode)
  File "/home/bob/Artificial_Intelligence/AI/lib/python3.12/site-packages/keras/src/layers/core/lambda_layer.py", line 172, in _raise_for_lambda_deserialization
    raise ValueError(
ValueError: Requested the deserialization of a `Lambda` layer whose `function` is a Python lambda. This carries a potential risk of arbitrary code execution and thus it is disallowed by default. If you trust the source of the artifact, you can override this error by passing `safe_mode=False` to the loading function, or calling `keras.config.enable_unsafe_deserialization().

INFO:__main__:📝 Using heuristic fallback for cat/dog classification
 * Serving Flask app 'app'
 * Debug mode: off
INFO:werkzeug:[31m[1mWARNING: This is a development server. Do not use it in a production deployment. Use a production WSGI server instead.[0m
 * Running on all addresses (0.0.0.0)
 * Running on http://127.0.0.1:5000
 * Running on http://192.168.12.152:5000
INFO:werkzeug:[33mPress CTRL+C to quit[0m
